
<!DOCTYPE HTML>

<html lang="en" class="_theme-default">

<head>
  <meta charset="utf-8">
  <title>11.1. How to Write Tests - Rust - W3cubDocs</title>
  
  <meta name="description" content="Tests are Rust functions that verify that the non-test code is functioning in the expected manner. The bodies of test functions typically perform &hellip;">
  <meta name="keywords" content="how, write, tests, rust">
  <meta name="HandheldFriendly" content="True">
  <meta name="MobileOptimized" content="320">
  <meta name="viewport" content="width=device-width, initial-scale=1">
  <meta name="mobile-web-app-capable" content="yes">
  
  <link rel="canonical" href="https://docs.w3cub.com/rust/book/ch11-01-writing-tests.html">
  <link href="/favicon.png" rel="icon">
  <link rel="stylesheet" type="text/css" href="/assets/application-e4ebd3a2a5652ff55173659804c4390a004917f3bdd17b5bb3ba78ea5c9c46fe181cadaac34517ccd815f5bdc982bbfe67179d6f4ac2f084ef2265e2a3dc8dc5.css" integrity="sha512-5OvToqVlL/VRc2WYBMQ5CgBJF/O90Xtbs7p46lycRv4YHK2qw0UXzNgV9b3Jgrv+Zxedb0rC8ITvImXio9yNxQ==" crossorigin="anonymous">
  <script type="text/javascript" integrity="sha512-EpkDeu98lN/jPKijllzVWdRg/dUSSMCaldYZNFz6bcNoBvpWRNz0HSTRQJ3ENmQc5Cuj1zDW1vHd7b0DzpOgyA==" crossorigin="anonymous" src="/assets/application-1299037aef7c94dfe33ca8a3965cd559d460fdd51248c09a95d619345cfa6dc36806fa5644dcf41d24d1409dc436641ce42ba3d730d6d6f1ddedbd03ce93a0c8.js"></script>
  <script src="/json/rust.js"></script>
  
  <script type="text/javascript">
    var _gaq = _gaq || [];
    _gaq.push(['_setAccount', 'UA-71174418-1']);
    _gaq.push(['_trackPageview']);

    (function() {
      var ga = document.createElement('script'); ga.type = 'text/javascript'; ga.async = true;
      ga.src = ('https:' == document.location.protocol ? 'https://ssl' : 'http://www') + '.google-analytics.com/ga.js';
      var s = document.getElementsByTagName('script')[0]; s.parentNode.insertBefore(ga, s);
    })();
  </script>
  <script data-ad-client="ca-pub-2572770204602497" async src="https://pagead2.googlesyndication.com/pagead/js/adsbygoogle.js"></script>
  <script async custom-element="amp-auto-ads"
  src="https://cdn.ampproject.org/v0/amp-auto-ads-0.1.js">
</script>


</head>

<body>
	<amp-auto-ads type="adsense"
              data-ad-client="ca-pub-2572770204602497">
	</amp-auto-ads>
	<div class="_app">
	<header class="_header">
  
  <form class="_search">
    <input type="search" class="_search-input" placeholder="Search&hellip;" autocomplete="off" autocapitalize="off" autocorrect="off" spellcheck="false" maxlength="20">
    <a class="_search-clear"></a>
    <div class="_search-tag"></div>
  </form>
  
  <a class="_home-link" href="/" ></a>
  <a class="_menu-link"></a>
  <h1 class="_logo">
    <a href="/" class="_nav-link" title="API Documentation Browser">W3cubDocs</a>
  </h1>
  
  <span class="_logo-sub-nav">/</span><span class="_logo-sub-nav"><a href="/rust/" class="_nav-link" title="" style="margin-left:0;">Rust</a></span>
  
  <nav class="_nav">
    <a href="https://tools.w3cub.com/?_sp=docs" target="_blank" class="_nav-link ">W3cubTools</a>
    <a href="/cheatsheets/" class="_nav-link ">Cheatsheets</a>
    <a href="/about/" class="_nav-link ">About</a>
  </nav>
</header>
	<section class="_sidebar">
		<div class="_list-wrap">
			<div class="_list">
			
			</div>
		</div>
	</section>
	<section class="_container ">
		<div class="_content">
			<ins class="adsbygoogle"
     style="display:block"
     data-ad-client="ca-pub-2572770204602497"
     data-ad-slot="6861657091"
     data-ad-format="link"
     data-full-width-responsive="true"></ins>
<script>
     (adsbygoogle = window.adsbygoogle || []).push({});
</script>
			<div class="_page _rust">
				
				
<h1>How to Write Tests</h1> <p>Tests are Rust functions that verify that the non-test code is functioning in the expected manner. The bodies of test functions typically perform these three actions:</p> <ol> <li>Set up any needed data or state.</li> <li>Run the code you want to test.</li> <li>Assert the results are what you expect.</li> </ol> <p>Let’s look at the features Rust provides specifically for writing tests that take these actions, which include the <code>test</code> attribute, a few macros, and the <code>should_panic</code> attribute.</p> <h3>The Anatomy of a Test Function</h3> <p>At its simplest, a test in Rust is a function that’s annotated with the <code>test</code> attribute. Attributes are metadata about pieces of Rust code; one example is the <code>derive</code> attribute we used with structs in Chapter 5. To change a function into a test function, add <code>#[test]</code> on the line before <code>fn</code>. When you run your tests with the <code>cargo test</code> command, Rust builds a test runner binary that runs the functions annotated with the <code>test</code> attribute and reports on whether each test function passes or fails.</p> <p>When we make a new library project with Cargo, a test module with a test function in it is automatically generated for us. This module helps you start writing your tests so you don’t have to look up the exact structure and syntax of test functions every time you start a new project. You can add as many additional test functions and as many test modules as you want!</p> <p>We’ll explore some aspects of how tests work by experimenting with the template test generated for us without actually testing any code. Then we’ll write some real-world tests that call some code that we’ve written and assert that its behavior is correct.</p> <p>Let’s create a new library project called <code>adder</code>:</p> <pre>$ cargo new adder --lib
     Created library `adder` project
$ cd adder
</pre> <p>The contents of the <em>src/lib.rs</em> file in your <code>adder</code> library should look like Listing 11-1.</p> <p><span class="filename">Filename: src/lib.rs</span></p> <pre data-language="rust">#[cfg(test)]
mod tests {
    #[test]
    fn it_works() {
        assert_eq!(2 + 2, 4);
    }
}

fn main() {}
</pre> <p><span class="caption">Listing 11-1: The test module and function generated automatically by <code>cargo new</code></span></p> <p>For now, let’s ignore the top two lines and focus on the function to see how it works. Note the <code>#[test]</code> annotation before the <code>fn</code> line: this attribute indicates this is a test function, so the test runner knows to treat this function as a test. We could also have non-test functions in the <code>tests</code> module to help set up common scenarios or perform common operations, so we need to indicate which functions are tests by using the <code>#[test]</code> attribute.</p> <p>The function body uses the <code>assert_eq!</code> macro to assert that 2 + 2 equals 4. This assertion serves as an example of the format for a typical test. Let’s run it to see that this test passes.</p> <p>The <code>cargo test</code> command runs all tests in our project, as shown in Listing 11-2.</p> <pre>$ cargo test
   Compiling adder v0.1.0 (file:///projects/adder)
    Finished test [unoptimized + debuginfo] target(s) in 0.57s
     Running target/debug/deps/adder-92948b65e88960b4

running 1 test
test tests::it_works ... ok

test result: ok. 1 passed; 0 failed; 0 ignored; 0 measured; 0 filtered out

   Doc-tests adder

running 0 tests

test result: ok. 0 passed; 0 failed; 0 ignored; 0 measured; 0 filtered out

</pre> <p><span class="caption">Listing 11-2: The output from running the automatically generated test</span></p> <p>Cargo compiled and ran the test. After the <code>Compiling</code>, <code>Finished</code>, and <code>Running</code> lines is the line <code>running 1 test</code>. The next line shows the name of the generated test function, called <code>it_works</code>, and the result of running that test, <code>ok</code>. The overall summary of running the tests appears next. The text <code>test result: ok.</code> means that all the tests passed, and the portion that reads <code>1 passed; 0 failed</code> totals the number of tests that passed or failed.</p> <p>Because we don’t have any tests we’ve marked as ignored, the summary shows <code>0 ignored</code>. We also haven’t filtered the tests being run, so the end of the summary shows <code>0 filtered out</code>. We’ll talk about ignoring and filtering out tests in the next section, <a href="ch11-02-running-tests#controlling-how-tests-are-run">“Controlling How Tests Are Run.”</a></p> <p>The <code>0 measured</code> statistic is for benchmark tests that measure performance. Benchmark tests are, as of this writing, only available in nightly Rust. See <a href="https://doc.rust-lang.org/unstable-book/library-features/test.html">the documentation about benchmark tests</a> to learn more.</p> <p>The next part of the test output, which starts with <code>Doc-tests adder</code>, is for the results of any documentation tests. We don’t have any documentation tests yet, but Rust can compile any code examples that appear in our API documentation. This feature helps us keep our docs and our code in sync! We’ll discuss how to write documentation tests in the <a href="ch14-02-publishing-to-crates-io#documentation-comments-as-tests">“Documentation Comments as Tests”</a> section of Chapter 14. For now, we’ll ignore the <code>Doc-tests</code> output.</p> <p>Let’s change the name of our test to see how that changes the test output. Change the <code>it_works</code> function to a different name, such as <code>exploration</code>, like so:</p> <p><span class="filename">Filename: src/lib.rs</span></p> <pre data-language="rust">#[cfg(test)]
mod tests {
    #[test]
    fn exploration() {
        assert_eq!(2 + 2, 4);
    }
}

fn main() {}
</pre> <p>Then run <code>cargo test</code> again. The output now shows <code>exploration</code> instead of <code>it_works</code>:</p> <pre>$ cargo test
   Compiling adder v0.1.0 (file:///projects/adder)
    Finished test [unoptimized + debuginfo] target(s) in 0.59s
     Running target/debug/deps/adder-92948b65e88960b4

running 1 test
test tests::exploration ... ok

test result: ok. 1 passed; 0 failed; 0 ignored; 0 measured; 0 filtered out

   Doc-tests adder

running 0 tests

test result: ok. 0 passed; 0 failed; 0 ignored; 0 measured; 0 filtered out

</pre> <p>Let’s add another test, but this time we’ll make a test that fails! Tests fail when something in the test function panics. Each test is run in a new thread, and when the main thread sees that a test thread has died, the test is marked as failed. We talked about the simplest way to cause a panic in Chapter 9, which is to call the <code>panic!</code> macro. Enter the new test, <code>another</code>, so your <em>src/lib.rs</em> file looks like Listing 11-3.</p> <p><span class="filename">Filename: src/lib.rs</span></p> <pre data-language="rust">#[cfg(test)]
mod tests {
    #[test]
    fn exploration() {
        assert_eq!(2 + 2, 4);
    }

    #[test]
    fn another() {
        panic!("Make this test fail");
    }
}

fn main() {}
</pre> <p><span class="caption">Listing 11-3: Adding a second test that will fail because we call the <code>panic!</code> macro</span></p> <p>Run the tests again using <code>cargo test</code>. The output should look like Listing 11-4, which shows that our <code>exploration</code> test passed and <code>another</code> failed.</p> <pre>$ cargo test
   Compiling adder v0.1.0 (file:///projects/adder)
    Finished test [unoptimized + debuginfo] target(s) in 0.72s
     Running target/debug/deps/adder-92948b65e88960b4

running 2 tests
test tests::another ... FAILED
test tests::exploration ... ok

failures:

---- tests::another stdout ----
thread 'main' panicked at 'Make this test fail', src/lib.rs:10:9
note: run with `RUST_BACKTRACE=1` environment variable to display a backtrace.


failures:
    tests::another

test result: FAILED. 1 passed; 1 failed; 0 ignored; 0 measured; 0 filtered out

error: test failed, to rerun pass '--lib'
</pre> <p><span class="caption">Listing 11-4: Test results when one test passes and one test fails</span></p> <p>Instead of <code>ok</code>, the line <code>test tests::another</code> shows <code>FAILED</code>. Two new sections appear between the individual results and the summary: the first section displays the detailed reason for each test failure. In this case, <code>another</code> failed because it <code>panicked at 'Make this test fail'</code>, which happened on line 10 in the <em>src/lib.rs</em> file. The next section lists just the names of all the failing tests, which is useful when there are lots of tests and lots of detailed failing test output. We can use the name of a failing test to run just that test to more easily debug it; we’ll talk more about ways to run tests in the <a href="ch11-02-running-tests#controlling-how-tests-are-run">“Controlling How Tests Are Run”</a> section.</p> <p>The summary line displays at the end: overall, our test result is <code>FAILED</code>. We had one test pass and one test fail.</p> <p>Now that you’ve seen what the test results look like in different scenarios, let’s look at some macros other than <code>panic!</code> that are useful in tests.</p> <h3>Checking Results with the <code id="checking-results-with-the-assert-macro">assert!</code> Macro</h3> <p>The <code>assert!</code> macro, provided by the standard library, is useful when you want to ensure that some condition in a test evaluates to <code>true</code>. We give the <code>assert!</code> macro an argument that evaluates to a Boolean. If the value is <code>true</code>, <code>assert!</code> does nothing and the test passes. If the value is <code>false</code>, the <code>assert!</code> macro calls the <code>panic!</code> macro, which causes the test to fail. Using the <code>assert!</code> macro helps us check that our code is functioning in the way we intend.</p> <p>In Chapter 5, Listing 5-15, we used a <code>Rectangle</code> struct and a <code>can_hold</code> method, which are repeated here in Listing 11-5. Let’s put this code in the <em>src/lib.rs</em> file and write some tests for it using the <code>assert!</code> macro.</p> <p><span class="filename">Filename: src/lib.rs</span></p> <pre data-language="rust">#[derive(Debug)]
struct Rectangle {
    width: u32,
    height: u32,
}

impl Rectangle {
    fn can_hold(&amp;self, other: &amp;Rectangle) -&gt; bool {
        self.width &gt; other.width &amp;&amp; self.height &gt; other.height
    }
}

fn main() {}
</pre> <p><span class="caption">Listing 11-5: Using the <code>Rectangle</code> struct and its <code>can_hold</code> method from Chapter 5</span></p> <p>The <code>can_hold</code> method returns a Boolean, which means it’s a perfect use case for the <code>assert!</code> macro. In Listing 11-6, we write a test that exercises the <code>can_hold</code> method by creating a <code>Rectangle</code> instance that has a width of 8 and a height of 7 and asserting that it can hold another <code>Rectangle</code> instance that has a width of 5 and a height of 1.</p> <p><span class="filename">Filename: src/lib.rs</span></p> <pre data-language="rust">#[derive(Debug)]
struct Rectangle {
    width: u32,
    height: u32,
}

impl Rectangle {
    fn can_hold(&amp;self, other: &amp;Rectangle) -&gt; bool {
        self.width &gt; other.width &amp;&amp; self.height &gt; other.height
    }
}

#[cfg(test)]
mod tests {
    use super::*;

    #[test]
    fn larger_can_hold_smaller() {
        let larger = Rectangle {
            width: 8,
            height: 7,
        };
        let smaller = Rectangle {
            width: 5,
            height: 1,
        };

        assert!(larger.can_hold(&amp;smaller));
    }
}

fn main() {}
</pre> <p><span class="caption">Listing 11-6: A test for <code>can_hold</code> that checks whether a larger rectangle can indeed hold a smaller rectangle</span></p> <p>Note that we’ve added a new line inside the <code>tests</code> module: <code>use super::*;</code>. The <code>tests</code> module is a regular module that follows the usual visibility rules we covered in Chapter 7 in the <a href="ch07-03-paths-for-referring-to-an-item-in-the-module-tree">“Paths for Referring to an Item in the Module Tree”</a> section. Because the <code>tests</code> module is an inner module, we need to bring the code under test in the outer module into the scope of the inner module. We use a glob here so anything we define in the outer module is available to this <code>tests</code> module.</p> <p>We’ve named our test <code>larger_can_hold_smaller</code>, and we’ve created the two <code>Rectangle</code> instances that we need. Then we called the <code>assert!</code> macro and passed it the result of calling <code>larger.can_hold(&amp;smaller)</code>. This expression is supposed to return <code>true</code>, so our test should pass. Let’s find out!</p> <pre>$ cargo test
   Compiling rectangle v0.1.0 (file:///projects/rectangle)
    Finished test [unoptimized + debuginfo] target(s) in 0.66s
     Running target/debug/deps/rectangle-6584c4561e48942e

running 1 test
test tests::larger_can_hold_smaller ... ok

test result: ok. 1 passed; 0 failed; 0 ignored; 0 measured; 0 filtered out

   Doc-tests rectangle

running 0 tests

test result: ok. 0 passed; 0 failed; 0 ignored; 0 measured; 0 filtered out

</pre> <p>It does pass! Let’s add another test, this time asserting that a smaller rectangle cannot hold a larger rectangle:</p> <p><span class="filename">Filename: src/lib.rs</span></p> <pre data-language="rust">#[derive(Debug)]
struct Rectangle {
    width: u32,
    height: u32,
}

impl Rectangle {
    fn can_hold(&amp;self, other: &amp;Rectangle) -&gt; bool {
        self.width &gt; other.width &amp;&amp; self.height &gt; other.height
    }
}

#[cfg(test)]
mod tests {
    use super::*;

    #[test]
    fn larger_can_hold_smaller() {
        // --snip--
        let larger = Rectangle {
            width: 8,
            height: 7,
        };
        let smaller = Rectangle {
            width: 5,
            height: 1,
        };

        assert!(larger.can_hold(&amp;smaller));
    }

    #[test]
    fn smaller_cannot_hold_larger() {
        let larger = Rectangle {
            width: 8,
            height: 7,
        };
        let smaller = Rectangle {
            width: 5,
            height: 1,
        };

        assert!(!smaller.can_hold(&amp;larger));
    }
}

fn main() {}
</pre> <p>Because the correct result of the <code>can_hold</code> function in this case is <code>false</code>, we need to negate that result before we pass it to the <code>assert!</code> macro. As a result, our test will pass if <code>can_hold</code> returns <code>false</code>:</p> <pre>$ cargo test
   Compiling rectangle v0.1.0 (file:///projects/rectangle)
    Finished test [unoptimized + debuginfo] target(s) in 0.66s
     Running target/debug/deps/rectangle-6584c4561e48942e

running 2 tests
test tests::larger_can_hold_smaller ... ok
test tests::smaller_cannot_hold_larger ... ok

test result: ok. 2 passed; 0 failed; 0 ignored; 0 measured; 0 filtered out

   Doc-tests rectangle

running 0 tests

test result: ok. 0 passed; 0 failed; 0 ignored; 0 measured; 0 filtered out

</pre> <p>Two tests that pass! Now let’s see what happens to our test results when we introduce a bug in our code. Let’s change the implementation of the <code>can_hold</code> method by replacing the greater than sign with a less than sign when it compares the widths:</p> <pre data-language="rust">#[derive(Debug)]
struct Rectangle {
    width: u32,
    height: u32,
}

// --snip--
impl Rectangle {
    fn can_hold(&amp;self, other: &amp;Rectangle) -&gt; bool {
        self.width &lt; other.width &amp;&amp; self.height &gt; other.height
    }
}

#[cfg(test)]
mod tests {
    use super::*;

    #[test]
    fn larger_can_hold_smaller() {
        let larger = Rectangle {
            width: 8,
            height: 7,
        };
        let smaller = Rectangle {
            width: 5,
            height: 1,
        };

        assert!(larger.can_hold(&amp;smaller));
    }

    #[test]
    fn smaller_cannot_hold_larger() {
        let larger = Rectangle {
            width: 8,
            height: 7,
        };
        let smaller = Rectangle {
            width: 5,
            height: 1,
        };

        assert!(!smaller.can_hold(&amp;larger));
    }
}

fn main() {}
</pre> <p>Running the tests now produces the following:</p> <pre>$ cargo test
   Compiling rectangle v0.1.0 (file:///projects/rectangle)
    Finished test [unoptimized + debuginfo] target(s) in 0.66s
     Running target/debug/deps/rectangle-6584c4561e48942e

running 2 tests
test tests::larger_can_hold_smaller ... FAILED
test tests::smaller_cannot_hold_larger ... ok

failures:

---- tests::larger_can_hold_smaller stdout ----
thread 'main' panicked at 'assertion failed: larger.can_hold(&amp;smaller)', src/lib.rs:28:9
note: run with `RUST_BACKTRACE=1` environment variable to display a backtrace.


failures:
    tests::larger_can_hold_smaller

test result: FAILED. 1 passed; 1 failed; 0 ignored; 0 measured; 0 filtered out

error: test failed, to rerun pass '--lib'
</pre> <p>Our tests caught the bug! Because <code>larger.width</code> is 8 and <code>smaller.width</code> is 5, the comparison of the widths in <code>can_hold</code> now returns <code>false</code>: 8 is not less than 5.</p> <h3>Testing Equality with the <code id="testing-equality-with-the-assert_eq-and-assert_ne-macros">assert_eq!</code> and <code>assert_ne!</code> Macros</h3> <p>A common way to test functionality is to compare the result of the code under test to the value you expect the code to return to make sure they’re equal. You could do this using the <code>assert!</code> macro and passing it an expression using the <code>==</code> operator. However, this is such a common test that the standard library provides a pair of macros—<code>assert_eq!</code> and <code>assert_ne!</code>—to perform this test more conveniently. These macros compare two arguments for equality or inequality, respectively. They’ll also print the two values if the assertion fails, which makes it easier to see <em>why</em> the test failed; conversely, the <code>assert!</code> macro only indicates that it got a <code>false</code> value for the <code>==</code> expression, not the values that lead to the <code>false</code> value.</p> <p>In Listing 11-7, we write a function named <code>add_two</code> that adds <code>2</code> to its parameter and returns the result. Then we test this function using the <code>assert_eq!</code> macro.</p> <p><span class="filename">Filename: src/lib.rs</span></p> <pre data-language="rust">pub fn add_two(a: i32) -&gt; i32 {
    a + 2
}

#[cfg(test)]
mod tests {
    use super::*;

    #[test]
    fn it_adds_two() {
        assert_eq!(4, add_two(2));
    }
}

fn main() {}
</pre> <p><span class="caption">Listing 11-7: Testing the function <code>add_two</code> using the <code>assert_eq!</code> macro</span></p> <p>Let’s check that it passes!</p> <pre>$ cargo test
   Compiling adder v0.1.0 (file:///projects/adder)
    Finished test [unoptimized + debuginfo] target(s) in 0.58s
     Running target/debug/deps/adder-92948b65e88960b4

running 1 test
test tests::it_adds_two ... ok

test result: ok. 1 passed; 0 failed; 0 ignored; 0 measured; 0 filtered out

   Doc-tests adder

running 0 tests

test result: ok. 0 passed; 0 failed; 0 ignored; 0 measured; 0 filtered out

</pre> <p>The first argument we gave to the <code>assert_eq!</code> macro, <code>4</code>, is equal to the result of calling <code>add_two(2)</code>. The line for this test is <code>test tests::it_adds_two ... ok</code>, and the <code>ok</code> text indicates that our test passed!</p> <p>Let’s introduce a bug into our code to see what it looks like when a test that uses <code>assert_eq!</code> fails. Change the implementation of the <code>add_two</code> function to instead add <code>3</code>:</p> <pre data-language="rust">pub fn add_two(a: i32) -&gt; i32 {
    a + 3
}

#[cfg(test)]
mod tests {
    use super::*;

    #[test]
    fn it_adds_two() {
        assert_eq!(4, add_two(2));
    }
}

fn main() {}
</pre> <p>Run the tests again:</p> <pre>$ cargo test
   Compiling adder v0.1.0 (file:///projects/adder)
    Finished test [unoptimized + debuginfo] target(s) in 0.61s
     Running target/debug/deps/adder-92948b65e88960b4

running 1 test
test tests::it_adds_two ... FAILED

failures:

---- tests::it_adds_two stdout ----
thread 'main' panicked at 'assertion failed: `(left == right)`
  left: `4`,
 right: `5`', src/lib.rs:11:9
note: run with `RUST_BACKTRACE=1` environment variable to display a backtrace.


failures:
    tests::it_adds_two

test result: FAILED. 0 passed; 1 failed; 0 ignored; 0 measured; 0 filtered out

error: test failed, to rerun pass '--lib'
</pre> <p>Our test caught the bug! The <code>it_adds_two</code> test failed, displaying the message <code>assertion failed: `(left == right)`</code> and showing that <code>left</code> was <code>4</code> and <code>right</code> was <code>5</code>. This message is useful and helps us start debugging: it means the <code>left</code> argument to <code>assert_eq!</code> was <code>4</code> but the <code>right</code> argument, where we had <code>add_two(2)</code>, was <code>5</code>.</p> <p>Note that in some languages and test frameworks, the parameters to the functions that assert two values are equal are called <code>expected</code> and <code>actual</code>, and the order in which we specify the arguments matters. However, in Rust, they’re called <code>left</code> and <code>right</code>, and the order in which we specify the value we expect and the value that the code under test produces doesn’t matter. We could write the assertion in this test as <code>assert_eq!(add_two(2), 4)</code>, which would result in a failure message that displays <code>assertion failed: `(left == right)`</code> and that <code>left</code> was <code>5</code> and <code>right</code> was <code>4</code>.</p> <p>The <code>assert_ne!</code> macro will pass if the two values we give it are not equal and fail if they’re equal. This macro is most useful for cases when we’re not sure what a value <em>will</em> be, but we know what the value definitely <em>won’t</em> be if our code is functioning as we intend. For example, if we’re testing a function that is guaranteed to change its input in some way, but the way in which the input is changed depends on the day of the week that we run our tests, the best thing to assert might be that the output of the function is not equal to the input.</p> <p>Under the surface, the <code>assert_eq!</code> and <code>assert_ne!</code> macros use the operators <code>==</code> and <code>!=</code>, respectively. When the assertions fail, these macros print their arguments using debug formatting, which means the values being compared must implement the <code>PartialEq</code> and <code>Debug</code> traits. All the primitive types and most of the standard library types implement these traits. For structs and enums that you define, you’ll need to implement <code>PartialEq</code> to assert that values of those types are equal or not equal. You’ll need to implement <code>Debug</code> to print the values when the assertion fails. Because both traits are derivable traits, as mentioned in Listing 5-12 in Chapter 5, this is usually as straightforward as adding the <code>#[derive(PartialEq, Debug)]</code> annotation to your struct or enum definition. See Appendix C, <a href="appendix-03-derivable-traits">“Derivable Traits,”</a> for more details about these and other derivable traits.</p> <h3>Adding Custom Failure Messages</h3> <p>You can also add a custom message to be printed with the failure message as optional arguments to the <code>assert!</code>, <code>assert_eq!</code>, and <code>assert_ne!</code> macros. Any arguments specified after the one required argument to <code>assert!</code> or the two required arguments to <code>assert_eq!</code> and <code>assert_ne!</code> are passed along to the <code>format!</code> macro (discussed in Chapter 8 in the <a href="ch08-02-strings#concatenation-with-the--operator-or-the-format-macro">“Concatenation with the <code>+</code> Operator or the <code>format!</code> Macro”</a> section), so you can pass a format string that contains <code>{}</code> placeholders and values to go in those placeholders. Custom messages are useful to document what an assertion means; when a test fails, you’ll have a better idea of what the problem is with the code.</p> <p>For example, let’s say we have a function that greets people by name and we want to test that the name we pass into the function appears in the output:</p> <p><span class="filename">Filename: src/lib.rs</span></p> <pre data-language="rust">pub fn greeting(name: &amp;str) -&gt; String {
    format!("Hello {}!", name)
}

#[cfg(test)]
mod tests {
    use super::*;

    #[test]
    fn greeting_contains_name() {
        let result = greeting("Carol");
        assert!(result.contains("Carol"));
    }
}

fn main() {}
</pre> <p>The requirements for this program haven’t been agreed upon yet, and we’re pretty sure the <code>Hello</code> text at the beginning of the greeting will change. We decided we don’t want to have to update the test when the requirements change, so instead of checking for exact equality to the value returned from the <code>greeting</code> function, we’ll just assert that the output contains the text of the input parameter.</p> <p>Let’s introduce a bug into this code by changing <code>greeting</code> to not include <code>name</code> to see what this test failure looks like:</p> <pre data-language="rust">pub fn greeting(name: &amp;str) -&gt; String {
    String::from("Hello!")
}

#[cfg(test)]
mod tests {
    use super::*;

    #[test]
    fn greeting_contains_name() {
        let result = greeting("Carol");
        assert!(result.contains("Carol"));
    }
}

fn main() {}
</pre> <p>Running this test produces the following:</p> <pre>$ cargo test
   Compiling greeter v0.1.0 (file:///projects/greeter)
    Finished test [unoptimized + debuginfo] target(s) in 0.91s
     Running target/debug/deps/greeter-170b942eb5bf5e3a

running 1 test
test tests::greeting_contains_name ... FAILED

failures:

---- tests::greeting_contains_name stdout ----
thread 'main' panicked at 'assertion failed: result.contains("Carol")', src/lib.rs:12:9
note: run with `RUST_BACKTRACE=1` environment variable to display a backtrace.


failures:
    tests::greeting_contains_name

test result: FAILED. 0 passed; 1 failed; 0 ignored; 0 measured; 0 filtered out

error: test failed, to rerun pass '--lib'
</pre> <p>This result just indicates that the assertion failed and which line the assertion is on. A more useful failure message in this case would print the value we got from the <code>greeting</code> function. Let’s change the test function, giving it a custom failure message made from a format string with a placeholder filled in with the actual value we got from the <code>greeting</code> function:</p> <pre data-language="rust">pub fn greeting(name: &amp;str) -&gt; String {
    String::from("Hello!")
}

#[cfg(test)]
mod tests {
    use super::*;

    #[test]
    fn greeting_contains_name() {
        let result = greeting("Carol");
        assert!(
            result.contains("Carol"),
            "Greeting did not contain name, value was `{}`",
            result
        );
    }
}
</pre> <p>Now when we run the test, we’ll get a more informative error message:</p> <pre>$ cargo test
   Compiling greeter v0.1.0 (file:///projects/greeter)
    Finished test [unoptimized + debuginfo] target(s) in 0.93s
     Running target/debug/deps/greeter-170b942eb5bf5e3a

running 1 test
test tests::greeting_contains_name ... FAILED

failures:

---- tests::greeting_contains_name stdout ----
thread 'main' panicked at 'Greeting did not contain name, value was `Hello!`', src/lib.rs:12:9
note: run with `RUST_BACKTRACE=1` environment variable to display a backtrace.


failures:
    tests::greeting_contains_name

test result: FAILED. 0 passed; 1 failed; 0 ignored; 0 measured; 0 filtered out

error: test failed, to rerun pass '--lib'
</pre> <p>We can see the value we actually got in the test output, which would help us debug what happened instead of what we were expecting to happen.</p> <h3>Checking for Panics with <code id="checking-for-panics-with-should_panic">should_panic</code>
</h3> <p>In addition to checking that our code returns the correct values we expect, it’s also important to check that our code handles error conditions as we expect. For example, consider the <code>Guess</code> type that we created in Chapter 9, Listing 9-10. Other code that uses <code>Guess</code> depends on the guarantee that <code>Guess</code> instances will contain only values between 1 and 100. We can write a test that ensures that attempting to create a <code>Guess</code> instance with a value outside that range panics.</p> <p>We do this by adding another attribute, <code>should_panic</code>, to our test function. This attribute makes a test pass if the code inside the function panics; the test will fail if the code inside the function doesn’t panic.</p> <p>Listing 11-8 shows a test that checks that the error conditions of <code>Guess::new</code> happen when we expect them to.</p> <p><span class="filename">Filename: src/lib.rs</span></p> <pre data-language="rust">pub struct Guess {
    value: i32,
}

impl Guess {
    pub fn new(value: i32) -&gt; Guess {
        if value &lt; 1 || value &gt; 100 {
            panic!("Guess value must be between 1 and 100, got {}.", value);
        }

        Guess { value }
    }
}

#[cfg(test)]
mod tests {
    use super::*;

    #[test]
    #[should_panic]
    fn greater_than_100() {
        Guess::new(200);
    }
}

fn main() {}
</pre> <p><span class="caption">Listing 11-8: Testing that a condition will cause a <code>panic!</code></span></p> <p>We place the <code>#[should_panic]</code> attribute after the <code>#[test]</code> attribute and before the test function it applies to. Let’s look at the result when this test passes:</p> <pre>$ cargo test
   Compiling guessing_game v0.1.0 (file:///projects/guessing_game)
    Finished test [unoptimized + debuginfo] target(s) in 0.58s
     Running target/debug/deps/guessing_game-57d70c3acb738f4d

running 1 test
test tests::greater_than_100 ... ok

test result: ok. 1 passed; 0 failed; 0 ignored; 0 measured; 0 filtered out

   Doc-tests guessing_game

running 0 tests

test result: ok. 0 passed; 0 failed; 0 ignored; 0 measured; 0 filtered out

</pre> <p>Looks good! Now let’s introduce a bug in our code by removing the condition that the <code>new</code> function will panic if the value is greater than 100:</p> <pre data-language="rust">pub struct Guess {
    value: i32,
}

// --snip--
impl Guess {
    pub fn new(value: i32) -&gt; Guess {
        if value &lt; 1 {
            panic!("Guess value must be between 1 and 100, got {}.", value);
        }

        Guess { value }
    }
}

#[cfg(test)]
mod tests {
    use super::*;

    #[test]
    #[should_panic]
    fn greater_than_100() {
        Guess::new(200);
    }
}

fn main() {}
</pre> <p>When we run the test in Listing 11-8, it will fail:</p> <pre>$ cargo test
   Compiling guessing_game v0.1.0 (file:///projects/guessing_game)
    Finished test [unoptimized + debuginfo] target(s) in 0.62s
     Running target/debug/deps/guessing_game-57d70c3acb738f4d

running 1 test
test tests::greater_than_100 ... FAILED

failures:

---- tests::greater_than_100 stdout ----
note: test did not panic as expected

failures:
    tests::greater_than_100

test result: FAILED. 0 passed; 1 failed; 0 ignored; 0 measured; 0 filtered out

error: test failed, to rerun pass '--lib'
</pre> <p>We don’t get a very helpful message in this case, but when we look at the test function, we see that it’s annotated with <code>#[should_panic]</code>. The failure we got means that the code in the test function did not cause a panic.</p> <p>Tests that use <code>should_panic</code> can be imprecise because they only indicate that the code has caused some panic. A <code>should_panic</code> test would pass even if the test panics for a different reason from the one we were expecting to happen. To make <code>should_panic</code> tests more precise, we can add an optional <code>expected</code> parameter to the <code>should_panic</code> attribute. The test harness will make sure that the failure message contains the provided text. For example, consider the modified code for <code>Guess</code> in Listing 11-9 where the <code>new</code> function panics with different messages depending on whether the value is too small or too large.</p> <p><span class="filename">Filename: src/lib.rs</span></p> <pre data-language="rust">pub struct Guess {
    value: i32,
}

// --snip--
impl Guess {
    pub fn new(value: i32) -&gt; Guess {
        if value &lt; 1 {
            panic!(
                "Guess value must be greater than or equal to 1, got {}.",
                value
            );
        } else if value &gt; 100 {
            panic!(
                "Guess value must be less than or equal to 100, got {}.",
                value
            );
        }

        Guess { value }
    }
}

#[cfg(test)]
mod tests {
    use super::*;

    #[test]
    #[should_panic(expected = "Guess value must be less than or equal to 100")]
    fn greater_than_100() {
        Guess::new(200);
    }
}

fn main() {}
</pre> <p><span class="caption">Listing 11-9: Testing that a condition will cause a <code>panic!</code> with a particular panic message</span></p> <p>This test will pass because the value we put in the <code>should_panic</code> attribute’s <code>expected</code> parameter is a substring of the message that the <code>Guess::new</code> function panics with. We could have specified the entire panic message that we expect, which in this case would be <code>Guess value must be less than or equal to 100, got 200.</code> What you choose to specify in the expected parameter for <code>should_panic</code> depends on how much of the panic message is unique or dynamic and how precise you want your test to be. In this case, a substring of the panic message is enough to ensure that the code in the test function executes the <code>else if value &gt; 100</code> case.</p> <p>To see what happens when a <code>should_panic</code> test with an <code>expected</code> message fails, let’s again introduce a bug into our code by swapping the bodies of the <code>if value &lt; 1</code> and the <code>else if value &gt; 100</code> blocks:</p> <pre data-language="rust">pub struct Guess {
    value: i32,
}

impl Guess {
    pub fn new(value: i32) -&gt; Guess {
        if value &lt; 1 {
            panic!(
                "Guess value must be less than or equal to 100, got {}.",
                value
            );
        } else if value &gt; 100 {
            panic!(
                "Guess value must be greater than or equal to 1, got {}.",
                value
            );
        }

        Guess { value }
    }
}

#[cfg(test)]
mod tests {
    use super::*;

    #[test]
    #[should_panic(expected = "Guess value must be less than or equal to 100")]
    fn greater_than_100() {
        Guess::new(200);
    }
}
</pre> <p>This time when we run the <code>should_panic</code> test, it will fail:</p> <pre>$ cargo test
   Compiling guessing_game v0.1.0 (file:///projects/guessing_game)
    Finished test [unoptimized + debuginfo] target(s) in 0.66s
     Running target/debug/deps/guessing_game-57d70c3acb738f4d

running 1 test
test tests::greater_than_100 ... FAILED

failures:

---- tests::greater_than_100 stdout ----
thread 'main' panicked at 'Guess value must be greater than or equal to 1, got 200.', src/lib.rs:13:13
note: run with `RUST_BACKTRACE=1` environment variable to display a backtrace.
note: panic did not contain expected string
      panic message: `"Guess value must be greater than or equal to 1, got 200."`,
 expected substring: `"Guess value must be less than or equal to 100"`

failures:
    tests::greater_than_100

test result: FAILED. 0 passed; 1 failed; 0 ignored; 0 measured; 0 filtered out

error: test failed, to rerun pass '--lib'
</pre> <p>The failure message indicates that this test did indeed panic as we expected, but the panic message did not include the expected string <code>'Guess value must be less than or equal to 100'</code>. The panic message that we did get in this case was <code>Guess value must be greater than or equal to 1, got 200.</code> Now we can start figuring out where our bug is!</p> <h3>Using <code id="using-resultt-e-in-tests">Result&lt;T, E&gt;</code> in Tests</h3> <p>So far, we’ve written tests that panic when they fail. We can also write tests that use <code>Result&lt;T, E&gt;</code>! Here’s the test from Listing 11-1, rewritten to use <code>Result&lt;T, E&gt;</code> and return an <code>Err</code> instead of panicking:</p> <pre data-language="rust">
#![allow(unused)]
fn main() {
#[cfg(test)]
mod tests {
    #[test]
    fn it_works() -&gt; Result&lt;(), String&gt; {
        if 2 + 2 == 4 {
            Ok(())
        } else {
            Err(String::from("two plus two does not equal four"))
        }
    }
}
}
</pre> <p>The <code>it_works</code> function now has a return type, <code>Result&lt;(), String&gt;</code>. In the body of the function, rather than calling the <code>assert_eq!</code> macro, we return <code>Ok(())</code> when the test passes and an <code>Err</code> with a <code>String</code> inside when the test fails.</p> <p>Writing tests so they return a <code>Result&lt;T, E&gt;</code> enables you to use the question mark operator in the body of tests, which can be a convenient way to write tests that should fail if any operation within them returns an <code>Err</code> variant.</p> <p>You can’t use the <code>#[should_panic]</code> annotation on tests that use <code>Result&lt;T, E&gt;</code>. Instead, you should return an <code>Err</code> value directly when the test should fail.</p> <p>Now that you know several ways to write tests, let’s look at what is happening when we run our tests and explore the different options we can use with <code>cargo test</code>.</p>
<div class="_attribution">
  <p class="_attribution-p">
    © 2010 The Rust Project Developers<br>Licensed under the Apache License, Version 2.0 or the MIT license, at your option.<br>
    <a href="https://doc.rust-lang.org/book/ch11-01-writing-tests.html" class="_attribution-link">https://doc.rust-lang.org/book/ch11-01-writing-tests.html</a>
  </p>
</div>

				
			</div>
			<ins class="adsbygoogle"
     style="display:block"
     data-ad-client="ca-pub-2572770204602497"
     data-ad-slot="1992473792"
     data-ad-format="auto"
     data-full-width-responsive="true"></ins>
<script>
     (adsbygoogle = window.adsbygoogle || []).push({});
</script>
		</div>
	</section>

	</div>
	<svg style="display:none">
		<symbol id="icon-dir"><svg viewBox="0 0 20 20"><path d="M15 10c0 .3-.305.515-.305.515l-8.56 5.303c-.625.41-1.135.106-1.135-.67V4.853c0-.777.51-1.078 1.135-.67l8.56 5.305S15 9.702 15 10z"/></svg></symbol>
	  </svg>
</body>
</html>
