
<!DOCTYPE HTML>

<html lang="en" class="_theme-default">

<head>
  <meta charset="utf-8">
  <title>Ctest_test() - CMake 3.19 - W3cubDocs</title>
  
  <meta name="description" content=" Perform the CTest Test Step as a Dashboard Client. ">
  <meta name="keywords" content="ctest, test, cmake, cmake~3.19">
  <meta name="HandheldFriendly" content="True">
  <meta name="MobileOptimized" content="320">
  <meta name="viewport" content="width=device-width, initial-scale=1">
  <meta name="mobile-web-app-capable" content="yes">
  
  <link rel="canonical" href="https://docs.w3cub.com/cmake~3.19/command/ctest_test.html">
  <link href="/favicon.png" rel="icon">
  <link rel="stylesheet" type="text/css" href="/assets/application-e4ebd3a2a5652ff55173659804c4390a004917f3bdd17b5bb3ba78ea5c9c46fe181cadaac34517ccd815f5bdc982bbfe67179d6f4ac2f084ef2265e2a3dc8dc5.css" integrity="sha512-5OvToqVlL/VRc2WYBMQ5CgBJF/O90Xtbs7p46lycRv4YHK2qw0UXzNgV9b3Jgrv+Zxedb0rC8ITvImXio9yNxQ==" crossorigin="anonymous">
  <script type="text/javascript" integrity="sha512-EpkDeu98lN/jPKijllzVWdRg/dUSSMCaldYZNFz6bcNoBvpWRNz0HSTRQJ3ENmQc5Cuj1zDW1vHd7b0DzpOgyA==" crossorigin="anonymous" src="/assets/application-1299037aef7c94dfe33ca8a3965cd559d460fdd51248c09a95d619345cfa6dc36806fa5644dcf41d24d1409dc436641ce42ba3d730d6d6f1ddedbd03ce93a0c8.js"></script>
  <script src="/json/cmake~3.19.js"></script>
  
  <script type="text/javascript">
    var _gaq = _gaq || [];
    _gaq.push(['_setAccount', 'UA-71174418-1']);
    _gaq.push(['_trackPageview']);

    (function() {
      var ga = document.createElement('script'); ga.type = 'text/javascript'; ga.async = true;
      ga.src = ('https:' == document.location.protocol ? 'https://ssl' : 'http://www') + '.google-analytics.com/ga.js';
      var s = document.getElementsByTagName('script')[0]; s.parentNode.insertBefore(ga, s);
    })();
  </script>
  <script data-ad-client="ca-pub-2572770204602497" async src="https://pagead2.googlesyndication.com/pagead/js/adsbygoogle.js"></script>
  <script async custom-element="amp-auto-ads"
  src="https://cdn.ampproject.org/v0/amp-auto-ads-0.1.js">
</script>


</head>

<body>
	<amp-auto-ads type="adsense"
              data-ad-client="ca-pub-2572770204602497">
	</amp-auto-ads>
	<div class="_app">
	<header class="_header">
  
  <form class="_search">
    <input type="search" class="_search-input" placeholder="Search&hellip;" autocomplete="off" autocapitalize="off" autocorrect="off" spellcheck="false" maxlength="20">
    <a class="_search-clear"></a>
    <div class="_search-tag"></div>
  </form>
  
  <a class="_home-link" href="/" ></a>
  <a class="_menu-link"></a>
  <h1 class="_logo">
    <a href="/" class="_nav-link" title="API Documentation Browser">W3cubDocs</a>
  </h1>
  
  <span class="_logo-sub-nav">/</span><span class="_logo-sub-nav"><a href="/cmake~3.19/" class="_nav-link" title="" style="margin-left:0;">CMake 3.19</a></span>
  
  <nav class="_nav">
    <a href="https://tools.w3cub.com/?_sp=docs" target="_blank" class="_nav-link ">W3cubTools</a>
    <a href="/cheatsheets/" class="_nav-link ">Cheatsheets</a>
    <a href="/about/" class="_nav-link ">About</a>
  </nav>
</header>
	<section class="_sidebar">
		<div class="_list-wrap">
			<div class="_list">
			
			</div>
		</div>
	</section>
	<section class="_container ">
		<div class="_content">
			<ins class="adsbygoogle"
     style="display:block"
     data-ad-client="ca-pub-2572770204602497"
     data-ad-slot="6861657091"
     data-ad-format="link"
     data-full-width-responsive="true"></ins>
<script>
     (adsbygoogle = window.adsbygoogle || []).push({});
</script>
			<div class="_page _sphinx_simple">
				
				
<h1 id="command:ctest_test">ctest_test</h1> <p id="ctest-test">Perform the <a class="reference internal" href="../manual/ctest.1#ctest-test-step"><span class="std std-ref">CTest Test Step</span></a> as a <a class="reference internal" href="../manual/ctest.1#dashboard-client"><span class="std std-ref">Dashboard Client</span></a>.</p> <pre data-language="none">ctest_test([BUILD &lt;build-dir&gt;] [APPEND]
           [START &lt;start-number&gt;]
           [END &lt;end-number&gt;]
           [STRIDE &lt;stride-number&gt;]
           [EXCLUDE &lt;exclude-regex&gt;]
           [INCLUDE &lt;include-regex&gt;]
           [EXCLUDE_LABEL &lt;label-exclude-regex&gt;]
           [INCLUDE_LABEL &lt;label-include-regex&gt;]
           [EXCLUDE_FIXTURE &lt;regex&gt;]
           [EXCLUDE_FIXTURE_SETUP &lt;regex&gt;]
           [EXCLUDE_FIXTURE_CLEANUP &lt;regex&gt;]
           [PARALLEL_LEVEL &lt;level&gt;]
           [RESOURCE_SPEC_FILE &lt;file&gt;]
           [TEST_LOAD &lt;threshold&gt;]
           [SCHEDULE_RANDOM &lt;ON|OFF&gt;]
           [STOP_ON_FAILURE]
           [STOP_TIME &lt;time-of-day&gt;]
           [RETURN_VALUE &lt;result-var&gt;]
           [CAPTURE_CMAKE_ERROR &lt;result-var&gt;]
           [REPEAT &lt;mode&gt;:&lt;n&gt;]
           [QUIET]
           )
</pre> <p>Run tests in the project build tree and store results in <code>Test.xml</code> for submission with the <a class="reference internal" href="ctest_submit#command:ctest_submit" title="ctest_submit" id="index-0-command:ctest_submit"><code>ctest_submit()</code></a> command.</p> <p>The options are:</p> <dl> <dt>
<code>BUILD &lt;build-dir&gt;</code> </dt>
<dd>
<p>Specify the top-level build directory. If not given, the <a class="reference internal" href="../variable/ctest_binary_directory#variable:CTEST_BINARY_DIRECTORY" title="CTEST_BINARY_DIRECTORY" id="index-0-variable:CTEST_BINARY_DIRECTORY"><code>CTEST_BINARY_DIRECTORY</code></a> variable is used.</p> </dd> <dt>
<code>APPEND</code> </dt>
<dd>
<p>Mark <code>Test.xml</code> for append to results previously submitted to a dashboard server since the last <a class="reference internal" href="ctest_start#command:ctest_start" title="ctest_start" id="index-0-command:ctest_start"><code>ctest_start()</code></a> call. Append semantics are defined by the dashboard server in use. This does <em>not</em> cause results to be appended to a <code>.xml</code> file produced by a previous call to this command.</p> </dd> <dt>
<code>START &lt;start-number&gt;</code> </dt>
<dd>
<p>Specify the beginning of a range of test numbers.</p> </dd> <dt>
<code>END &lt;end-number&gt;</code> </dt>
<dd>
<p>Specify the end of a range of test numbers.</p> </dd> <dt>
<code>STRIDE &lt;stride-number&gt;</code> </dt>
<dd>
<p>Specify the stride by which to step across a range of test numbers.</p> </dd> <dt>
<code>EXCLUDE &lt;exclude-regex&gt;</code> </dt>
<dd>
<p>Specify a regular expression matching test names to exclude.</p> </dd> <dt>
<code>INCLUDE &lt;include-regex&gt;</code> </dt>
<dd>
<p>Specify a regular expression matching test names to include. Tests not matching this expression are excluded.</p> </dd> <dt>
<code>EXCLUDE_LABEL &lt;label-exclude-regex&gt;</code> </dt>
<dd>
<p>Specify a regular expression matching test labels to exclude.</p> </dd> <dt>
<code>INCLUDE_LABEL &lt;label-include-regex&gt;</code> </dt>
<dd>
<p>Specify a regular expression matching test labels to include. Tests not matching this expression are excluded.</p> </dd> <dt>
<code>EXCLUDE_FIXTURE &lt;regex&gt;</code> </dt>
<dd>
<p>If a test in the set of tests to be executed requires a particular fixture, that fixture’s setup and cleanup tests would normally be added to the test set automatically. This option prevents adding setup or cleanup tests for fixtures matching the <code>&lt;regex&gt;</code>. Note that all other fixture behavior is retained, including test dependencies and skipping tests that have fixture setup tests that fail.</p> </dd> <dt>
<code>EXCLUDE_FIXTURE_SETUP &lt;regex&gt;</code> </dt>
<dd>
<p>Same as <code>EXCLUDE_FIXTURE</code> except only matching setup tests are excluded.</p> </dd> <dt>
<code>EXCLUDE_FIXTURE_CLEANUP &lt;regex&gt;</code> </dt>
<dd>
<p>Same as <code>EXCLUDE_FIXTURE</code> except only matching cleanup tests are excluded.</p> </dd> <dt>
<code>PARALLEL_LEVEL &lt;level&gt;</code> </dt>
<dd>
<p>Specify a positive number representing the number of tests to be run in parallel.</p> </dd> <dt>
<code>RESOURCE_SPEC_FILE &lt;file&gt;</code> </dt>
<dd>
<p>Specify a <a class="reference internal" href="../manual/ctest.1#ctest-resource-specification-file"><span class="std std-ref">resource specification file</span></a>. See <a class="reference internal" href="../manual/ctest.1#ctest-resource-allocation"><span class="std std-ref">Resource Allocation</span></a> for more information.</p> </dd> <dt>
<code>TEST_LOAD &lt;threshold&gt;</code> </dt>
<dd>
<p>While running tests in parallel, try not to start tests when they may cause the CPU load to pass above a given threshold. If not specified the <a class="reference internal" href="../variable/ctest_test_load#variable:CTEST_TEST_LOAD" title="CTEST_TEST_LOAD" id="index-0-variable:CTEST_TEST_LOAD"><code>CTEST_TEST_LOAD</code></a> variable will be checked, and then the <code>--test-load</code> command-line argument to <a class="reference internal" href="../manual/ctest.1#manual:ctest(1)" title="ctest(1)" id="index-0-manual:ctest(1)"><code>ctest(1)</code></a>. See also the <code>TestLoad</code> setting in the <a class="reference internal" href="../manual/ctest.1#ctest-test-step"><span class="std std-ref">CTest Test Step</span></a>.</p> </dd> <dt>
<code>REPEAT &lt;mode&gt;:&lt;n&gt;</code> </dt>
<dd>
<p>Run tests repeatedly based on the given <code>&lt;mode&gt;</code> up to <code>&lt;n&gt;</code> times. The modes are:</p> <dl class="simple"> <dt>
<code>UNTIL_FAIL</code> </dt>
<dd>
<p>Require each test to run <code>&lt;n&gt;</code> times without failing in order to pass. This is useful in finding sporadic failures in test cases.</p> </dd> <dt>
<code>UNTIL_PASS</code> </dt>
<dd>
<p>Allow each test to run up to <code>&lt;n&gt;</code> times in order to pass. Repeats tests if they fail for any reason. This is useful in tolerating sporadic failures in test cases.</p> </dd> <dt>
<code>AFTER_TIMEOUT</code> </dt>
<dd>
<p>Allow each test to run up to <code>&lt;n&gt;</code> times in order to pass. Repeats tests only if they timeout. This is useful in tolerating sporadic timeouts in test cases on busy machines.</p> </dd> </dl> </dd> <dt>
<code>SCHEDULE_RANDOM &lt;ON|OFF&gt;</code> </dt>
<dd>
<p>Launch tests in a random order. This may be useful for detecting implicit test dependencies.</p> </dd> <dt>
<code>STOP_ON_FAILURE</code> </dt>
<dd>
<p>Stop the execution of the tests once one has failed.</p> </dd> <dt>
<code>STOP_TIME &lt;time-of-day&gt;</code> </dt>
<dd>
<p>Specify a time of day at which the tests should all stop running.</p> </dd> <dt>
<code>RETURN_VALUE &lt;result-var&gt;</code> </dt>
<dd>
<p>Store in the <code>&lt;result-var&gt;</code> variable <code>0</code> if all tests passed. Store non-zero if anything went wrong.</p> </dd> <dt>
<code>CAPTURE_CMAKE_ERROR &lt;result-var&gt;</code> </dt>
<dd>
<p>Store in the <code>&lt;result-var&gt;</code> variable -1 if there are any errors running the command and prevent ctest from returning non-zero if an error occurs.</p> </dd> <dt>
<code>QUIET</code> </dt>
<dd>
<p>Suppress any CTest-specific non-error messages that would have otherwise been printed to the console. Output from the underlying test command is not affected. Summary info detailing the percentage of passing tests is also unaffected by the <code>QUIET</code> option.</p> </dd> </dl> <p>See also the <a class="reference internal" href="../variable/ctest_custom_maximum_passed_test_output_size#variable:CTEST_CUSTOM_MAXIMUM_PASSED_TEST_OUTPUT_SIZE" title="CTEST_CUSTOM_MAXIMUM_PASSED_TEST_OUTPUT_SIZE" id="index-0-variable:CTEST_CUSTOM_MAXIMUM_PASSED_TEST_OUTPUT_SIZE"><code>CTEST_CUSTOM_MAXIMUM_PASSED_TEST_OUTPUT_SIZE</code></a> and <a class="reference internal" href="../variable/ctest_custom_maximum_failed_test_output_size#variable:CTEST_CUSTOM_MAXIMUM_FAILED_TEST_OUTPUT_SIZE" title="CTEST_CUSTOM_MAXIMUM_FAILED_TEST_OUTPUT_SIZE" id="index-0-variable:CTEST_CUSTOM_MAXIMUM_FAILED_TEST_OUTPUT_SIZE"><code>CTEST_CUSTOM_MAXIMUM_FAILED_TEST_OUTPUT_SIZE</code></a> variables.</p>
<div class="_attribution">
  <p class="_attribution-p">
    © 2000–2020 Kitware, Inc. and Contributors<br>Licensed under the BSD 3-clause License.<br>
    <a href="https://cmake.org/cmake/help/v3.19/command/ctest_test.html" class="_attribution-link">https://cmake.org/cmake/help/v3.19/command/ctest_test.html</a>
  </p>
</div>

				
			</div>
			<ins class="adsbygoogle"
     style="display:block"
     data-ad-client="ca-pub-2572770204602497"
     data-ad-slot="1992473792"
     data-ad-format="auto"
     data-full-width-responsive="true"></ins>
<script>
     (adsbygoogle = window.adsbygoogle || []).push({});
</script>
		</div>
	</section>

	</div>
	<svg style="display:none">
		<symbol id="icon-dir"><svg viewBox="0 0 20 20"><path d="M15 10c0 .3-.305.515-.305.515l-8.56 5.303c-.625.41-1.135.106-1.135-.67V4.853c0-.777.51-1.078 1.135-.67l8.56 5.305S15 9.702 15 10z"/></svg></symbol>
	  </svg>
</body>
</html>
